2020-05-04 23:36:11,900 [main] INFO utilities.DriverManager - *****Browser launched : chrome*****
2020-05-04 23:36:11,946 [main] INFO utilities.DriverManager - *****Launched url : http://admin-demo.nopcommerce.com/login*****
2020-05-04 23:36:17,696 [main] INFO utilities.DriverManager - *****Element By.xpath: //input[@class='email'] found on the page*****
2020-05-04 23:36:18,106 [main] INFO utilities.DriverManager - *****Text: admin@yourstore.com entered in [[ChromeDriver: chrome on WINDOWS (f12f5bd002b104d6c3c19bed05c373bf)] -> xpath: //input[@class='email']]*****
2020-05-04 23:36:18,188 [main] INFO utilities.DriverManager - *****Element By.id: Password found on the page*****
2020-05-04 23:36:18,361 [main] INFO utilities.DriverManager - *****Text: admin entered in [[ChromeDriver: chrome on WINDOWS (f12f5bd002b104d6c3c19bed05c373bf)] -> id: Password]*****
2020-05-04 23:36:18,448 [main] INFO utilities.DriverManager - *****Element By.xpath: //input[@value='Log in'] clickable on the page*****
2020-05-04 23:36:18,526 [main] INFO utilities.DriverManager - *****Element clicked : [[ChromeDriver: chrome on WINDOWS (f12f5bd002b104d6c3c19bed05c373bf)] -> xpath: //input[@value='Log in']]*****
2020-05-04 23:36:27,099 [main] INFO utilities.DriverManager - *****Page loaded successfully*****
2020-05-04 23:36:27,168 [main] INFO utilities.DriverManager - *****The Title of the page : Dashboard / nopCommerce administration*****
2020-05-04 23:36:27,532 [main] INFO utilities.DriverManager - *****Element By.cssSelector: a[href*='logout'] clickable on the page*****
2020-05-04 23:36:27,562 [main] INFO utilities.DriverManager - *****Element clicked using javascript executor : [[ChromeDriver: chrome on WINDOWS (f12f5bd002b104d6c3c19bed05c373bf)] -> css selector: a[href*='logout']]*****
2020-05-04 23:36:30,610 [main] INFO utilities.DriverManager - *****The Title of the page : Your store. Login*****
2020-05-04 23:36:36,935 [main] INFO utilities.DriverManager - *****Browser launched : chrome*****
2020-05-04 23:36:36,966 [main] INFO utilities.DriverManager - *****Launched url : http://admin-demo.nopcommerce.com/login*****
2020-05-04 23:36:39,156 [main] INFO utilities.DriverManager - *****Element By.xpath: //input[@class='email'] found on the page*****
2020-05-04 23:36:39,472 [main] INFO utilities.DriverManager - *****Text: admin1@yourstore.com entered in [[ChromeDriver: chrome on WINDOWS (d32d5a095e68e2c80ec809efdbe9a324)] -> xpath: //input[@class='email']]*****
2020-05-04 23:36:39,559 [main] INFO utilities.DriverManager - *****Element By.id: Password found on the page*****
2020-05-04 23:36:39,810 [main] INFO utilities.DriverManager - *****Text: admin123 entered in [[ChromeDriver: chrome on WINDOWS (d32d5a095e68e2c80ec809efdbe9a324)] -> id: Password]*****
2020-05-04 23:36:39,884 [main] INFO utilities.DriverManager - *****Element By.xpath: //input[@value='Log in'] clickable on the page*****
2020-05-04 23:36:39,997 [main] INFO utilities.DriverManager - *****Element clicked : [[ChromeDriver: chrome on WINDOWS (d32d5a095e68e2c80ec809efdbe9a324)] -> xpath: //input[@value='Log in']]*****
2020-05-04 23:36:41,018 [main] INFO utilities.DriverManager - *****Page loaded successfully*****
2020-05-04 23:36:41,028 [main] INFO utilities.DriverManager - *****The Title of the page : Your store. Login*****
2020-05-04 23:36:41,038 [main] INFO utilities.DriverManager - Scenario is failed : Login Data Driven
2020-05-04 23:36:41,671 [main] INFO utilities.DriverManager - *****Screenshot captured successfully*****
